httperf --hog --client=0/1 --server=localhost --port=8080 --uri=/ --send-buffer=4096 --recv-buffer=16384 --num-conns=300 --num-calls=1
Maximum connect burst length: 1

Total: connections 300 requests 300 replies 300 test-duration 0.554 s

Connection rate: 541.5 conn/s (1.8 ms/conn, <=1 concurrent connections)
Connection time [ms]: min 1.5 avg 1.8 max 39.8 median 1.5 stddev 2.3
Connection time [ms]: connect 0.0
Connection length [replies/conn]: 1.000

Request rate: 541.5 req/s (1.8 ms/req)
Request size [B]: 62.0

Reply rate [replies/s]: min 0.0 avg 0.0 max 0.0 stddev 0.0 (0 samples)
Reply time [ms]: response 1.8 transfer 0.0
Reply size [B]: header 42.0 content 73.0 footer 0.0 (total 115.0)
Reply status: 1xx=0 2xx=300 3xx=0 4xx=0 5xx=0

CPU time [s]: user 0.02 system 0.11 (user 4.3% system 20.1% total 24.4%)
Net I/O: 93.6 KB/s (0.8*10^6 bps)

Errors: total 0 client-timo 0 socket-timo 0 connrefused 0 connreset 0
Errors: fd-unavail 0 addrunavail 0 ftab-full 0 other 0
httperf --hog --client=0/1 --server=localhost --port=8080 --uri=/ --send-buffer=4096 --recv-buffer=16384 --num-conns=300 --num-calls=1
Maximum connect burst length: 1

Total: connections 300 requests 300 replies 300 test-duration 0.546 s

Connection rate: 549.6 conn/s (1.8 ms/conn, <=1 concurrent connections)
Connection time [ms]: min 1.5 avg 1.8 max 36.0 median 1.5 stddev 2.1
Connection time [ms]: connect 0.0
Connection length [replies/conn]: 1.000

Request rate: 549.6 req/s (1.8 ms/req)
Request size [B]: 62.0

Reply rate [replies/s]: min 0.0 avg 0.0 max 0.0 stddev 0.0 (0 samples)
Reply time [ms]: response 1.8 transfer 0.0
Reply size [B]: header 42.0 content 73.0 footer 0.0 (total 115.0)
Reply status: 1xx=0 2xx=300 3xx=0 4xx=0 5xx=0

CPU time [s]: user 0.06 system 0.08 (user 10.1% system 15.2% total 25.3%)
Net I/O: 95.0 KB/s (0.8*10^6 bps)

Errors: total 0 client-timo 0 socket-timo 0 connrefused 0 connreset 0
Errors: fd-unavail 0 addrunavail 0 ftab-full 0 other 0
